2024-12-09 10:25:43,670 - root - ERROR - Timestamp: 2024-12-09 10:25:43
Exception Type: AttributeError
Context: {'unique_id_value': 45904}

2024-12-09 14:25:11,232 - root - ERROR - Timestamp: 2024-12-09 14:25:11
Exception Type: AttributeError
Context: {'unique_id_value': 45904}

2024-12-09 14:25:30,558 - root - ERROR - Timestamp: 2024-12-09 14:25:30
Exception Type: AttributeError
Context: {'unique_id_value': 75734}

2024-12-09 15:06:43,865 - root - ERROR - Timestamp: 2024-12-09 15:06:43
Exception Type: AttributeError
Context: {'unique_id_value': 75734}

2024-12-09 15:06:45,145 - root - ERROR - Timestamp: 2024-12-09 15:06:45
Exception Type: AttributeError
Context: {'unique_id_value': 92017}

2024-12-09 16:09:25,610 - root - ERROR - Timestamp: 2024-12-09 16:09:25
Exception Type: AttributeError
Context: {'unique_id_value': 92017}

2024-12-09 16:09:26,408 - root - ERROR - Timestamp: 2024-12-09 16:09:26
Exception Type: AttributeError
Context: {'unique_id_value': 72556}

2024-12-09 16:10:59,108 - root - ERROR - Timestamp: 2024-12-09 16:10:59
Exception Type: AttributeError
Context: {'unique_id_value': 72556}

2024-12-09 16:11:01,516 - root - ERROR - Timestamp: 2024-12-09 16:11:01
Exception Type: AttributeError
Context: {'unique_id_value': 834}

2024-12-09 16:43:07,623 - root - ERROR - Timestamp: 2024-12-09 16:43:07
Exception Type: AttributeError
Context: {'unique_id_value': 834}

2024-12-09 16:43:09,523 - root - ERROR - Timestamp: 2024-12-09 16:43:09
Exception Type: AttributeError
Context: {'unique_id_value': 18385}

2024-12-09 16:43:30,757 - root - ERROR - Timestamp: 2024-12-09 16:43:30
Exception Type: AttributeError
Context: {'unique_id_value': 18385}

2024-12-09 16:43:32,689 - root - ERROR - Timestamp: 2024-12-09 16:43:32
Exception Type: AttributeError
Context: {'unique_id_value': 46470}

2024-12-09 16:46:30,048 - root - ERROR - Timestamp: 2024-12-09 16:46:30
Exception Type: AttributeError
Context: {'unique_id_value': 46470}

2024-12-09 16:47:56,704 - root - ERROR - Timestamp: 2024-12-09 16:47:56
Exception Type: AttributeError
Context: {'unique_id_value': 71035}

2024-12-09 16:47:57,352 - root - ERROR - Timestamp: 2024-12-09 16:47:57
Exception Type: AttributeError
Context: {'unique_id_value': 86954}

2024-12-09 16:48:17,794 - root - ERROR - Timestamp: 2024-12-09 16:48:17
Exception Type: AttributeError
Context: {'unique_id_value': 86954}

2024-12-09 16:48:18,426 - root - ERROR - Timestamp: 2024-12-09 16:48:18
Exception Type: AttributeError
Context: {'unique_id_value': 78182}

2024-12-09 16:48:41,143 - root - ERROR - Timestamp: 2024-12-09 16:48:41
Exception Type: AttributeError
Context: {'unique_id_value': 78182}

2024-12-09 16:48:41,773 - root - ERROR - Timestamp: 2024-12-09 16:48:41
Exception Type: AttributeError
Context: {'unique_id_value': 43763}

2024-12-09 16:57:33,170 - root - ERROR - Timestamp: 2024-12-09 16:57:33
Exception Type: TypeError
Context: {'worker_id': 'deanak1'}

2024-12-09 17:07:58,992 - root - ERROR - Timestamp: 2024-12-09 17:07:58
Exception Type: TypeError
Context: {'worker_id': 'deanak1'}

2024-12-09 17:11:20,357 - root - ERROR - Timestamp: 2024-12-09 17:11:20
Exception Type: TypeError
Context: {'worker_id': 'deanak1'}

2024-12-09 18:49:56,179 - root - ERROR - Timestamp: 2024-12-09 18:49:56
Exception Type: NameError
Context: 템플릿 매칭 중 오류 발생

2024-12-09 18:49:58,229 - root - ERROR - Timestamp: 2024-12-09 18:49:58
Exception Type: NameError
Context: 템플릿 매칭 중 오류 발생

2024-12-09 18:50:00,283 - root - ERROR - Timestamp: 2024-12-09 18:50:00
Exception Type: NameError
Context: 템플릿 매칭 중 오류 발생

2024-12-09 18:50:02,341 - root - ERROR - Timestamp: 2024-12-09 18:50:02
Exception Type: NameError
Context: 템플릿 매칭 중 오류 발생

2024-12-09 18:50:04,384 - root - ERROR - Timestamp: 2024-12-09 18:50:04
Exception Type: NameError
Context: 템플릿 매칭 중 오류 발생

2024-12-09 18:50:06,450 - root - ERROR - Timestamp: 2024-12-09 18:50:06
Exception Type: NameError
Context: 템플릿 매칭 중 오류 발생

2024-12-09 18:50:08,481 - root - ERROR - Timestamp: 2024-12-09 18:50:08
Exception Type: NameError
Context: 템플릿 매칭 중 오류 발생

2024-12-09 18:50:10,511 - root - ERROR - Timestamp: 2024-12-09 18:50:10
Exception Type: NameError
Context: 템플릿 매칭 중 오류 발생

2024-12-09 18:50:12,540 - root - ERROR - Timestamp: 2024-12-09 18:50:12
Exception Type: NameError
Context: 템플릿 매칭 중 오류 발생

2024-12-09 18:50:14,598 - root - ERROR - Timestamp: 2024-12-09 18:50:14
Exception Type: NameError
Context: 템플릿 매칭 중 오류 발생

2024-12-09 18:50:16,653 - root - ERROR - Timestamp: 2024-12-09 18:50:16
Exception Type: NameError
Context: 템플릿 매칭 중 오류 발생

2024-12-09 18:50:18,697 - root - ERROR - Timestamp: 2024-12-09 18:50:18
Exception Type: NameError
Context: 템플릿 매칭 중 오류 발생

2024-12-09 18:50:20,735 - root - ERROR - Timestamp: 2024-12-09 18:50:20
Exception Type: NameError
Context: 템플릿 매칭 중 오류 발생

2024-12-09 18:50:22,777 - root - ERROR - Timestamp: 2024-12-09 18:50:22
Exception Type: NameError
Context: 템플릿 매칭 중 오류 발생

2024-12-09 18:50:24,797 - root - ERROR - Timestamp: 2024-12-09 18:50:24
Exception Type: NameError
Context: 템플릿 매칭 중 오류 발생

2024-12-09 18:50:26,834 - root - ERROR - Timestamp: 2024-12-09 18:50:26
Exception Type: NameError
Context: 템플릿 매칭 중 오류 발생

2024-12-09 18:50:28,883 - root - ERROR - Timestamp: 2024-12-09 18:50:28
Exception Type: NameError
Context: 템플릿 매칭 중 오류 발생

2024-12-09 18:52:35,098 - root - ERROR - Timestamp: 2024-12-09 18:52:35
Exception Type: NameError
Context: 템플릿 매칭 중 오류 발생

2024-12-09 18:52:37,140 - root - ERROR - Timestamp: 2024-12-09 18:52:37
Exception Type: NameError
Context: 템플릿 매칭 중 오류 발생

2024-12-09 18:52:39,165 - root - ERROR - Timestamp: 2024-12-09 18:52:39
Exception Type: NameError
Context: 템플릿 매칭 중 오류 발생

2024-12-09 18:52:41,202 - root - ERROR - Timestamp: 2024-12-09 18:52:41
Exception Type: NameError
Context: 템플릿 매칭 중 오류 발생

2024-12-09 18:52:43,224 - root - ERROR - Timestamp: 2024-12-09 18:52:43
Exception Type: NameError
Context: 템플릿 매칭 중 오류 발생

2024-12-09 18:52:45,261 - root - ERROR - Timestamp: 2024-12-09 18:52:45
Exception Type: NameError
Context: 템플릿 매칭 중 오류 발생

2024-12-09 18:52:47,312 - root - ERROR - Timestamp: 2024-12-09 18:52:47
Exception Type: NameError
Context: 템플릿 매칭 중 오류 발생

2024-12-09 18:52:49,336 - root - ERROR - Timestamp: 2024-12-09 18:52:49
Exception Type: NameError
Context: 템플릿 매칭 중 오류 발생

2024-12-09 18:52:51,374 - root - ERROR - Timestamp: 2024-12-09 18:52:51
Exception Type: NameError
Context: 템플릿 매칭 중 오류 발생

2024-12-09 18:52:53,417 - root - ERROR - Timestamp: 2024-12-09 18:52:53
Exception Type: NameError
Context: 템플릿 매칭 중 오류 발생

2024-12-09 18:52:55,458 - root - ERROR - Timestamp: 2024-12-09 18:52:55
Exception Type: NameError
Context: 템플릿 매칭 중 오류 발생

2024-12-09 18:54:19,393 - root - ERROR - Timestamp: 2024-12-09 18:54:19
Exception Type: NameError
Context: 템플릿 매칭 중 오류 발생

2024-12-09 18:54:21,432 - root - ERROR - Timestamp: 2024-12-09 18:54:21
Exception Type: NameError
Context: 템플릿 매칭 중 오류 발생

2024-12-09 18:54:23,451 - root - ERROR - Timestamp: 2024-12-09 18:54:23
Exception Type: NameError
Context: 템플릿 매칭 중 오류 발생

2024-12-09 18:54:25,498 - root - ERROR - Timestamp: 2024-12-09 18:54:25
Exception Type: NameError
Context: 템플릿 매칭 중 오류 발생

2024-12-09 18:54:27,546 - root - ERROR - Timestamp: 2024-12-09 18:54:27
Exception Type: NameError
Context: 템플릿 매칭 중 오류 발생

2024-12-09 18:54:29,590 - root - ERROR - Timestamp: 2024-12-09 18:54:29
Exception Type: NameError
Context: 템플릿 매칭 중 오류 발생

2024-12-09 18:54:31,630 - root - ERROR - Timestamp: 2024-12-09 18:54:31
Exception Type: NameError
Context: 템플릿 매칭 중 오류 발생

2024-12-09 18:54:33,657 - root - ERROR - Timestamp: 2024-12-09 18:54:33
Exception Type: NameError
Context: 템플릿 매칭 중 오류 발생

2024-12-09 18:54:35,680 - root - ERROR - Timestamp: 2024-12-09 18:54:35
Exception Type: NameError
Context: 템플릿 매칭 중 오류 발생

2024-12-09 18:54:37,712 - root - ERROR - Timestamp: 2024-12-09 18:54:37
Exception Type: NameError
Context: 템플릿 매칭 중 오류 발생

2024-12-09 18:54:39,744 - root - ERROR - Timestamp: 2024-12-09 18:54:39
Exception Type: NameError
Context: 템플릿 매칭 중 오류 발생

2024-12-09 18:54:41,790 - root - ERROR - Timestamp: 2024-12-09 18:54:41
Exception Type: NameError
Context: 템플릿 매칭 중 오류 발생

2024-12-09 18:54:43,844 - root - ERROR - Timestamp: 2024-12-09 18:54:43
Exception Type: NameError
Context: 템플릿 매칭 중 오류 발생

2024-12-09 18:54:45,871 - root - ERROR - Timestamp: 2024-12-09 18:54:45
Exception Type: NameError
Context: 템플릿 매칭 중 오류 발생

2024-12-09 18:54:47,908 - root - ERROR - Timestamp: 2024-12-09 18:54:47
Exception Type: NameError
Context: 템플릿 매칭 중 오류 발생

2024-12-09 18:54:49,950 - root - ERROR - Timestamp: 2024-12-09 18:54:49
Exception Type: NameError
Context: 템플릿 매칭 중 오류 발생

2024-12-09 18:54:51,981 - root - ERROR - Timestamp: 2024-12-09 18:54:51
Exception Type: NameError
Context: 템플릿 매칭 중 오류 발생

2024-12-09 18:54:54,012 - root - ERROR - Timestamp: 2024-12-09 18:54:54
Exception Type: NameError
Context: 템플릿 매칭 중 오류 발생

2024-12-09 18:54:56,048 - root - ERROR - Timestamp: 2024-12-09 18:54:56
Exception Type: NameError
Context: 템플릿 매칭 중 오류 발생

2024-12-09 18:54:58,088 - root - ERROR - Timestamp: 2024-12-09 18:54:58
Exception Type: NameError
Context: 템플릿 매칭 중 오류 발생

2024-12-09 19:01:41,441 - root - ERROR - Timestamp: 2024-12-09 19:01:41
Exception Type: NameError
Context: 템플릿 매칭 중 오류 발생

2024-12-09 19:01:43,482 - root - ERROR - Timestamp: 2024-12-09 19:01:43
Exception Type: NameError
Context: 템플릿 매칭 중 오류 발생

2024-12-09 19:01:45,539 - root - ERROR - Timestamp: 2024-12-09 19:01:45
Exception Type: NameError
Context: 템플릿 매칭 중 오류 발생

2024-12-09 19:01:47,584 - root - ERROR - Timestamp: 2024-12-09 19:01:47
Exception Type: NameError
Context: 템플릿 매칭 중 오류 발생

2024-12-09 19:01:49,628 - root - ERROR - Timestamp: 2024-12-09 19:01:49
Exception Type: NameError
Context: 템플릿 매칭 중 오류 발생

2024-12-09 19:01:51,669 - root - ERROR - Timestamp: 2024-12-09 19:01:51
Exception Type: NameError
Context: 템플릿 매칭 중 오류 발생

2024-12-09 19:01:53,697 - root - ERROR - Timestamp: 2024-12-09 19:01:53
Exception Type: NameError
Context: 템플릿 매칭 중 오류 발생

2024-12-09 19:01:55,745 - root - ERROR - Timestamp: 2024-12-09 19:01:55
Exception Type: NameError
Context: 템플릿 매칭 중 오류 발생

2024-12-09 19:01:57,780 - root - ERROR - Timestamp: 2024-12-09 19:01:57
Exception Type: NameError
Context: 템플릿 매칭 중 오류 발생

2024-12-09 19:01:59,817 - root - ERROR - Timestamp: 2024-12-09 19:01:59
Exception Type: NameError
Context: 템플릿 매칭 중 오류 발생

2024-12-09 19:02:01,863 - root - ERROR - Timestamp: 2024-12-09 19:02:01
Exception Type: NameError
Context: 템플릿 매칭 중 오류 발생

2024-12-09 19:02:03,897 - root - ERROR - Timestamp: 2024-12-09 19:02:03
Exception Type: NameError
Context: 템플릿 매칭 중 오류 발생

2024-12-09 19:02:05,934 - root - ERROR - Timestamp: 2024-12-09 19:02:05
Exception Type: NameError
Context: 템플릿 매칭 중 오류 발생

2024-12-09 19:02:07,978 - root - ERROR - Timestamp: 2024-12-09 19:02:07
Exception Type: NameError
Context: 템플릿 매칭 중 오류 발생

2024-12-09 19:02:10,032 - root - ERROR - Timestamp: 2024-12-09 19:02:10
Exception Type: NameError
Context: 템플릿 매칭 중 오류 발생

2024-12-09 19:02:12,053 - root - ERROR - Timestamp: 2024-12-09 19:02:12
Exception Type: NameError
Context: 템플릿 매칭 중 오류 발생

2024-12-09 19:02:14,096 - root - ERROR - Timestamp: 2024-12-09 19:02:14
Exception Type: NameError
Context: 템플릿 매칭 중 오류 발생

2024-12-09 19:02:16,138 - root - ERROR - Timestamp: 2024-12-09 19:02:16
Exception Type: NameError
Context: 템플릿 매칭 중 오류 발생

2024-12-09 19:02:18,178 - root - ERROR - Timestamp: 2024-12-09 19:02:18
Exception Type: NameError
Context: 템플릿 매칭 중 오류 발생

2024-12-09 19:02:20,219 - root - ERROR - Timestamp: 2024-12-09 19:02:20
Exception Type: NameError
Context: 템플릿 매칭 중 오류 발생

