2024-12-12 18:17:46,150 - root - ERROR - Timestamp: 2024-12-12 18:17:46
Exception Type: NoDetectionError
Context: 공지사항 화면 감지 실패 오류
Error Details: noticeScreen 화면이 20회 이상 탐지되지 않았습니다.
Traceback:
Traceback (most recent call last):
  File "C:\Users\gameins\Desktop\auto_deanak_program\auto_deanak\src\detection\notice_handler.py", line 30, in handle_notice_screen
    raise NoDetectionError(f"noticeScreen 화면이 {self.MAX_DETECTION_ATTEMPTS}회 이상 탐지되지 않았습니다.")
src.utils.error_handler.NoDetectionError: noticeScreen 화면이 20회 이상 탐지되지 않았습니다.

--------------------------------------------------------------------------------

2024-12-12 18:42:50,629 - root - ERROR - Timestamp: 2024-12-12 18:42:50
Exception Type: WrongPasswordError
Context: 비밀번호 오류
Error Details: 비밀번호 오류
Traceback:
Traceback (most recent call last):
  File "C:\Users\gameins\Desktop\auto_deanak_program\auto_deanak\src\detection\password_handler.py", line 49, in handle_password_screen
    raise WrongPasswordError("비밀번호 오류")
src.utils.error_handler.WrongPasswordError: 비밀번호 오류

--------------------------------------------------------------------------------

